<?xml version="1.0" encoding="UTF-8"?>
<!-- Generated by org.testng.reporters.JUnitXMLReporter -->
<testsuite ignored="0" hostname="LAPTOP-VEG77J8H" failures="1" tests="10" name="Test" time="52.34" errors="0" timestamp="2022-05-01T16:49:01 IST">
  <testcase classname="com.crm.leads.VerifyLeadCreation" name="verifyLeadCreationTest" time="5.416"/>
  <testcase classname="com.Beralt.accounts.VerifyAccountsTest" name="verifyAccounts" time="1.022"/>
  <testcase classname="com.Beralt.Potential.VerifyPotentialTest" name="verifyPotentialTest" time="3.014"/>
  <testcase classname="com.Beralt.accounts.VerifyParentAccount" name="verifyParentAccountTest" time="6.355"/>
  <testcase classname="VerifyArwSymbl.ArwSymblTest" name="verifyArwSymbl" time="0.835"/>
  <testcase classname="com.Beralt.Acoountcration.VerifyAccountcreation" name="VerifyAccountcreationtest" time="1.162">
    <failure type="java.lang.AssertionError" message="expected [Zoho CRM - Create ] but found [Zoho CRM - Create Account]">
      <![CDATA[java.lang.AssertionError: expected [Zoho CRM - Create ] but found [Zoho CRM - Create Account]
at com.crm.GenericLib.webDriverComonLib.verify(webDriverComonLib.java:30)
at com.Beralt.Acoountcration.VerifyAccountcreation.VerifyAccountcreationtest(VerifyAccountcreation.java:30)
at java.base/java.util.ArrayList.forEach(ArrayList.java:1511)
... Removed 33 stack frames]]>
    </failure>
  </testcase> <!-- VerifyAccountcreationtest -->
  <testcase classname="com.Beralt.contact.VerifynewContact" name="VerifynewContacttest" time="2.588"/>
  <testcase classname="com.Beralt.campaign.verifyCampaignTest" name="verifyCampaign" time="2.989"/>
  <testcase classname="com.Beralt.ProductCreation.VerifyNewProduct" name="newProduct" time="2.311"/>
  <testcase classname="com.Beralt.PotentialCreation.VerifyNewPotential" name="VerifyNewPotentialTest" time="2.111"/>
</testsuite> <!-- Test -->
